<?xml version="1.0" encoding="UTF-8"?>
<!-- Generated by org.testng.reporters.JUnitReportReporter -->
<testsuite hostname="IQZCBELT059" failures="0" tests="5" name="Twice_Login.Invalid_Credentials" time="57.722" errors="0" timestamp="2021-11-23T13:01:37 IST" skipped="0">
  <testcase classname="Twice_Login.Invalid_Credentials" name="Username" time="10.125"/>
  <system-out/>
  <testcase classname="Twice_Login.Invalid_Credentials" name="Title" time="10.051"/>
  <system-out/>
  <testcase classname="Twice_Login.Invalid_Credentials" name="URL" time="16.198"/>
  <system-out/>
  <testcase classname="Twice_Login.Invalid_Credentials" name="Password" time="10.248"/>
  <system-out/>
  <testcase classname="Twice_Login.Invalid_Credentials" name="Login_Button" time="11.100"/>
  <system-out/>
</testsuite> <!-- Twice_Login.Invalid_Credentials -->
