<?xml version="1.0" encoding="UTF-8"?>
<!-- Generated by org.testng.reporters.JUnitReportReporter -->
<testsuite hostname="IQZCBELT059" failures="0" tests="10" name="Twice_Login.Using_Parameters" time="129.055" errors="0" timestamp="2021-11-23T13:01:37 IST" skipped="0">
  <testcase classname="Twice_Login.Using_Parameters" name="URL" time="15.764"/>
  <system-out/>
  <testcase classname="Twice_Login.Using_Parameters" name="Password" time="10.237"/>
  <system-out/>
  <testcase classname="Twice_Login.Using_Parameters" name="Username" time="10.143"/>
  <system-out/>
  <testcase classname="Twice_Login.Using_Parameters" name="Login_Button" time="26.362"/>
  <system-out/>
  <testcase classname="Twice_Login.Using_Parameters" name="Title" time="10.018"/>
  <system-out/>
  <testcase classname="Twice_Login.Using_Parameters" name="Login_Button" time="10.588"/>
  <system-out/>
  <testcase classname="Twice_Login.Using_Parameters" name="Title" time="10.038"/>
  <system-out/>
  <testcase classname="Twice_Login.Using_Parameters" name="Username" time="10.235"/>
  <system-out/>
  <testcase classname="Twice_Login.Using_Parameters" name="URL" time="15.399"/>
  <system-out/>
  <testcase classname="Twice_Login.Using_Parameters" name="Password" time="10.271"/>
  <system-out/>
</testsuite> <!-- Twice_Login.Using_Parameters -->
