<?xml version="1.0" encoding="UTF-8"?>
<!-- Generated by org.testng.reporters.JUnitReportReporter -->
<testsuite hostname="IQZCBELT059" failures="0" tests="5" name="Twice_Login.Valid_Credentials" time="83.852" errors="0" timestamp="2021-11-23T13:01:37 IST" skipped="0">
  <testcase classname="Twice_Login.Valid_Credentials" name="Title" time="10.041"/>
  <system-out/>
  <testcase classname="Twice_Login.Valid_Credentials" name="Password" time="10.251"/>
  <system-out/>
  <testcase classname="Twice_Login.Valid_Credentials" name="URL" time="24.240"/>
  <system-out/>
  <testcase classname="Twice_Login.Valid_Credentials" name="Login_Button" time="29.109"/>
  <system-out/>
  <testcase classname="Twice_Login.Valid_Credentials" name="Username" time="10.211"/>
  <system-out/>
</testsuite> <!-- Twice_Login.Valid_Credentials -->
