<?xml version="1.0" encoding="UTF-8"?>
<!-- Generated by org.testng.reporters.JUnitReportReporter -->
<testsuite hostname="IQZCBELT059" failures="0" tests="16" name="Parallel_Browser.Clicking_Links" time="18.026" errors="0" timestamp="2021-11-26T18:35:19 IST" skipped="0">
  <testcase classname="Parallel_Browser.Clicking_Links" name="Telegram_Click" time="0.234"/>
  <system-out/>
  <testcase classname="Parallel_Browser.Clicking_Links" name="Mail_Click" time="0.704"/>
  <system-out/>
  <testcase classname="Parallel_Browser.Clicking_Links" name="URL" time="7.534"/>
  <system-out/>
  <testcase classname="Parallel_Browser.Clicking_Links" name="Youtube_Click" time="0.316"/>
  <system-out/>
  <testcase classname="Parallel_Browser.Clicking_Links" name="Facebook_Click" time="0.246"/>
  <system-out/>
  <testcase classname="Parallel_Browser.Clicking_Links" name="Telegram_Click" time="0.466"/>
  <system-out/>
  <testcase classname="Parallel_Browser.Clicking_Links" name="Twitter_Click" time="0.363"/>
  <system-out/>
  <testcase classname="Parallel_Browser.Clicking_Links" name="Twitter_Click" time="0.330"/>
  <system-out/>
  <testcase classname="Parallel_Browser.Clicking_Links" name="Linkdin_Click" time="0.527"/>
  <system-out/>
  <testcase classname="Parallel_Browser.Clicking_Links" name="Linkdin_Click" time="0.618"/>
  <system-out/>
  <testcase classname="Parallel_Browser.Clicking_Links" name="URL" time="4.738"/>
  <system-out/>
  <testcase classname="Parallel_Browser.Clicking_Links" name="Git_Click" time="0.321"/>
  <system-out/>
  <testcase classname="Parallel_Browser.Clicking_Links" name="Git_Click" time="0.248"/>
  <system-out/>
  <testcase classname="Parallel_Browser.Clicking_Links" name="Mail_Click" time="0.422"/>
  <system-out/>
  <testcase classname="Parallel_Browser.Clicking_Links" name="Facebook_Click" time="0.270"/>
  <system-out/>
  <testcase classname="Parallel_Browser.Clicking_Links" name="Youtube_Click" time="0.689"/>
  <system-out/>
</testsuite> <!-- Parallel_Browser.Clicking_Links -->
