<?xml version="1.0" encoding="UTF-8"?>
<!-- Generated by org.testng.reporters.JUnitReportReporter -->
<testsuite hostname="IQZCBELT059" failures="0" tests="6" name="Demo.Cross_Browser" time="82.443" errors="0" timestamp="2021-11-19T10:31:51 IST" skipped="0">
  <testcase classname="Demo.Cross_Browser" name="testGoogle" time="15.655"/>
  <system-out/>
  <testcase classname="Demo.Cross_Browser" name="testYahoo" time="12.331"/>
  <system-out/>
  <testcase classname="Demo.Cross_Browser" name="testGoogle" time="13.902"/>
  <system-out/>
  <testcase classname="Demo.Cross_Browser" name="testYahoo" time="12.432"/>
  <system-out/>
  <testcase classname="Demo.Cross_Browser" name="testYahoo" time="12.327"/>
  <system-out/>
  <testcase classname="Demo.Cross_Browser" name="testGoogle" time="15.796"/>
  <system-out/>
</testsuite> <!-- Demo.Cross_Browser -->
