<?xml version="1.0" encoding="UTF-8"?>
<!-- Generated by org.testng.reporters.JUnitReportReporter -->
<testsuite hostname="IQZCBELT059" failures="0" tests="18" name="Add_Cart.Proceed_Checkout" time="9.473" errors="0" timestamp="2021-12-16T23:04:10 IST" skipped="0">
  <testcase classname="Add_Cart.Proceed_Checkout" name="Carrot" time="0.742"/>
  <system-out/>
  <testcase classname="Add_Cart.Proceed_Checkout" name="Beetroot" time="0.529"/>
  <system-out/>
  <testcase classname="Add_Cart.Proceed_Checkout" name="Assert" time="0.005"/>
  <system-out/>
  <testcase classname="Add_Cart.Proceed_Checkout" name="Beans" time="0.625"/>
  <system-out/>
  <testcase classname="Add_Cart.Proceed_Checkout" name="URL" time="1.864"/>
  <system-out/>
  <testcase classname="Add_Cart.Proceed_Checkout" name="Tomato" time="0.694"/>
  <system-out/>
  <testcase classname="Add_Cart.Proceed_Checkout" name="Final_Proceed" time="0.229"/>
  <system-out/>
  <testcase classname="Add_Cart.Proceed_Checkout" name="Capsicum" time="0.473"/>
  <system-out/>
  <testcase classname="Add_Cart.Proceed_Checkout" name="Place_Order" time="0.859"/>
  <system-out/>
  <testcase classname="Add_Cart.Proceed_Checkout" name="Cart" time="0.158"/>
  <system-out/>
  <testcase classname="Add_Cart.Proceed_Checkout" name="Cucumber" time="0.570"/>
  <system-out/>
  <testcase classname="Add_Cart.Proceed_Checkout" name="Mushroom" time="0.332"/>
  <system-out/>
  <testcase classname="Add_Cart.Proceed_Checkout" name="Brocolli" time="0.850"/>
  <system-out/>
  <testcase classname="Add_Cart.Proceed_Checkout" name="Brinjal" time="0.484"/>
  <system-out/>
  <testcase classname="Add_Cart.Proceed_Checkout" name="Cauliflower" time="0.559"/>
  <system-out/>
  <testcase classname="Add_Cart.Proceed_Checkout" name="Checkbox" time="0.143"/>
  <system-out/>
  <testcase classname="Add_Cart.Proceed_Checkout" name="Checkout" time="0.135"/>
  <system-out/>
  <testcase classname="Add_Cart.Proceed_Checkout" name="dropdown" time="0.222"/>
  <system-out/>
</testsuite> <!-- Add_Cart.Proceed_Checkout -->
