<?xml version="1.0" encoding="UTF-8"?>
<!-- Generated by org.testng.reporters.JUnitReportReporter -->
<testsuite hostname="IQZCBELT059" failures="0" tests="6" name="Add_Cart.Print_Console" time="8.088" errors="0" timestamp="2021-12-17T23:38:44 IST" skipped="0">
  <testcase classname="Add_Cart.Print_Console" name="Top_Deals" time="0.543"/>
  <system-out/>
  <testcase classname="Add_Cart.Print_Console" name="Vegetable" time="0.043"/>
  <system-out/>
  <testcase classname="Add_Cart.Print_Console" name="URL" time="2.197"/>
  <system-out/>
  <testcase classname="Add_Cart.Print_Console" name="Search" time="5.224"/>
  <system-out/>
  <testcase classname="Add_Cart.Print_Console" name="Price" time="0.042"/>
  <system-out/>
  <testcase classname="Add_Cart.Print_Console" name="Dis_Price" time="0.039"/>
  <system-out/>
</testsuite> <!-- Add_Cart.Print_Console -->
