<?xml version="1.0" encoding="UTF-8"?>
<!-- Generated by org.testng.reporters.JUnitReportReporter -->
<testsuite hostname="IQZCBELT059" failures="0" tests="6" name="Print_Table.Results_In_Console" time="7.954" errors="0" timestamp="2021-12-17T23:41:55 IST" skipped="0">
  <testcase classname="Print_Table.Results_In_Console" name="URL" time="1.952"/>
  <system-out/>
  <testcase classname="Print_Table.Results_In_Console" name="Search" time="5.287"/>
  <system-out/>
  <testcase classname="Print_Table.Results_In_Console" name="Vegetable" time="0.088"/>
  <system-out/>
  <testcase classname="Print_Table.Results_In_Console" name="Top_Deals" time="0.529"/>
  <system-out/>
  <testcase classname="Print_Table.Results_In_Console" name="Price" time="0.056"/>
  <system-out/>
  <testcase classname="Print_Table.Results_In_Console" name="Dis_Price" time="0.042"/>
  <system-out/>
</testsuite> <!-- Print_Table.Results_In_Console -->
