<?xml version="1.0" encoding="UTF-8"?>
<!-- Generated by org.testng.reporters.JUnitReportReporter -->
<testsuite hostname="IQZCBELT059" failures="0" tests="11" name="Validation.Check_Button_Text_Change" time="58.191" errors="0" timestamp="2021-12-17T14:23:32 IST" skipped="0">
  <testcase classname="Validation.Check_Button_Text_Change" name="Beetroot" time="5.395"/>
  <system-out/>
  <testcase classname="Validation.Check_Button_Text_Change" name="Carrot" time="5.553"/>
  <system-out/>
  <testcase classname="Validation.Check_Button_Text_Change" name="Brocolli" time="5.793"/>
  <system-out/>
  <testcase classname="Validation.Check_Button_Text_Change" name="Cauliflower" time="5.340"/>
  <system-out/>
  <testcase classname="Validation.Check_Button_Text_Change" name="Tomato" time="5.455"/>
  <system-out/>
  <testcase classname="Validation.Check_Button_Text_Change" name="URL" time="3.152"/>
  <system-out/>
  <testcase classname="Validation.Check_Button_Text_Change" name="Beans" time="5.534"/>
  <system-out/>
  <testcase classname="Validation.Check_Button_Text_Change" name="Cucumber" time="5.405"/>
  <system-out/>
  <testcase classname="Validation.Check_Button_Text_Change" name="Brinjal" time="5.585"/>
  <system-out/>
  <testcase classname="Validation.Check_Button_Text_Change" name="Capsicum" time="5.446"/>
  <system-out/>
  <testcase classname="Validation.Check_Button_Text_Change" name="Mushroom" time="5.533"/>
  <system-out/>
</testsuite> <!-- Validation.Check_Button_Text_Change -->
