<?xml version="1.0" encoding="UTF-8"?>
<!-- Generated by org.testng.reporters.JUnitReportReporter -->
<testsuite hostname="IQZCBELT059" failures="0" tests="15" name="Pega_Login.Login_Page" time="241.979" errors="0" timestamp="2021-11-23T13:01:37 IST" skipped="0">
  <testcase classname="Pega_Login.Login_Page" name="Title" time="10.033"/>
  <system-out/>
  <testcase classname="Pega_Login.Login_Page" name="Username" time="10.199"/>
  <system-out/>
  <testcase classname="Pega_Login.Login_Page" name="Login_Button" time="33.320"/>
  <system-out/>
  <testcase classname="Pega_Login.Login_Page" name="Title" time="10.041"/>
  <system-out/>
  <testcase classname="Pega_Login.Login_Page" name="Password" time="10.281"/>
  <system-out/>
  <testcase classname="Pega_Login.Login_Page" name="Password" time="10.293"/>
  <system-out/>
  <testcase classname="Pega_Login.Login_Page" name="URL" time="18.932"/>
  <system-out/>
  <testcase classname="Pega_Login.Login_Page" name="Username" time="10.230"/>
  <system-out/>
  <testcase classname="Pega_Login.Login_Page" name="Login_Button" time="29.078"/>
  <system-out/>
  <testcase classname="Pega_Login.Login_Page" name="Title" time="10.046"/>
  <system-out/>
  <testcase classname="Pega_Login.Login_Page" name="Password" time="10.283"/>
  <system-out/>
  <testcase classname="Pega_Login.Login_Page" name="URL" time="25.751"/>
  <system-out/>
  <testcase classname="Pega_Login.Login_Page" name="Username" time="10.191"/>
  <system-out/>
  <testcase classname="Pega_Login.Login_Page" name="URL" time="16.858"/>
  <system-out/>
  <testcase classname="Pega_Login.Login_Page" name="Login_Button" time="26.443"/>
  <system-out/>
</testsuite> <!-- Pega_Login.Login_Page -->
