<?xml version="1.0" encoding="UTF-8"?>
<!-- Generated by org.testng.reporters.JUnitReportReporter -->
<testsuite hostname="IQZCBELT059" failures="0" tests="16" name="Parallel_Browser.Clicking_Links" time="24.735" errors="0" timestamp="2022-01-22T11:47:35 IST" skipped="0">
  <testcase classname="Parallel_Browser.Clicking_Links" name="Telegram_Click" time="0.410"/>
  <system-out/>
  <testcase classname="Parallel_Browser.Clicking_Links" name="Mail_Click" time="1.189"/>
  <system-out/>
  <testcase classname="Parallel_Browser.Clicking_Links" name="Linkdin_Click" time="0.846"/>
  <system-out/>
  <testcase classname="Parallel_Browser.Clicking_Links" name="Youtube_Click" time="1.413"/>
  <system-out/>
  <testcase classname="Parallel_Browser.Clicking_Links" name="Facebook_Click" time="0.842"/>
  <system-out/>
  <testcase classname="Parallel_Browser.Clicking_Links" name="Linkdin_Click" time="2.349"/>
  <system-out/>
  <testcase classname="Parallel_Browser.Clicking_Links" name="URL" time="3.673"/>
  <system-out/>
  <testcase classname="Parallel_Browser.Clicking_Links" name="Git_Click" time="0.545"/>
  <system-out/>
  <testcase classname="Parallel_Browser.Clicking_Links" name="Git_Click" time="1.662"/>
  <system-out/>
  <testcase classname="Parallel_Browser.Clicking_Links" name="Youtube_Click" time="0.590"/>
  <system-out/>
  <testcase classname="Parallel_Browser.Clicking_Links" name="Twitter_Click" time="0.803"/>
  <system-out/>
  <testcase classname="Parallel_Browser.Clicking_Links" name="URL" time="4.587"/>
  <system-out/>
  <testcase classname="Parallel_Browser.Clicking_Links" name="Facebook_Click" time="1.442"/>
  <system-out/>
  <testcase classname="Parallel_Browser.Clicking_Links" name="Twitter_Click" time="1.329"/>
  <system-out/>
  <testcase classname="Parallel_Browser.Clicking_Links" name="Mail_Click" time="1.845"/>
  <system-out/>
  <testcase classname="Parallel_Browser.Clicking_Links" name="Telegram_Click" time="1.210"/>
  <system-out/>
</testsuite> <!-- Parallel_Browser.Clicking_Links -->
