<?xml version="1.0" encoding="UTF-8"?>
<!-- Generated by org.testng.reporters.JUnitReportReporter -->
<testsuite hostname="IQZCBELT059" failures="0" tests="12" name="Parallel_Browser.LoginIqz" time="185.390" errors="0" timestamp="2022-01-28T09:45:43 IST" skipped="0">
  <testcase classname="Parallel_Browser.LoginIqz" name="logincredentials" time="23.610"/>
  <system-out/>
  <testcase classname="Parallel_Browser.LoginIqz" name="individuallead" time="23.462"/>
  <system-out/>
  <testcase classname="Parallel_Browser.LoginIqz" name="logincredentials" time="23.867"/>
  <system-out/>
  <testcase classname="Parallel_Browser.LoginIqz" name="userportal" time="9.128"/>
  <system-out/>
  <testcase classname="Parallel_Browser.LoginIqz" name="individuallead" time="34.906"/>
  <system-out/>
  <testcase classname="Parallel_Browser.LoginIqz" name="userportal" time="7.312"/>
  <system-out/>
  <testcase classname="Parallel_Browser.LoginIqz" name="URL" time="2.388"/>
  <system-out/>
  <testcase classname="Parallel_Browser.LoginIqz" name="URL" time="2.858"/>
  <system-out/>
  <testcase classname="Parallel_Browser.LoginIqz" name="userportal" time="3.734"/>
  <system-out/>
  <testcase classname="Parallel_Browser.LoginIqz" name="individuallead" time="25.327"/>
  <system-out/>
  <testcase classname="Parallel_Browser.LoginIqz" name="URL" time="2.357"/>
  <system-out/>
  <testcase classname="Parallel_Browser.LoginIqz" name="logincredentials" time="26.441"/>
  <system-out/>
</testsuite> <!-- Parallel_Browser.LoginIqz -->
