<?xml version="1.0" encoding="UTF-8"?>
<!-- Generated by org.testng.reporters.JUnitReportReporter -->
<testsuite hostname="IQZCBELT059" failures="0" tests="6" name="Demo.Cross_Browser" time="81.092" errors="0" timestamp="2021-11-22T16:44:39 IST" skipped="0">
  <testcase classname="Demo.Cross_Browser" name="testGoogle" time="12.995"/>
  <system-out/>
  <testcase classname="Demo.Cross_Browser" name="testYahoo" time="12.772"/>
  <system-out/>
  <testcase classname="Demo.Cross_Browser" name="testYahoo" time="13.174"/>
  <system-out/>
  <testcase classname="Demo.Cross_Browser" name="testGoogle" time="16.657"/>
  <system-out/>
  <testcase classname="Demo.Cross_Browser" name="testGoogle" time="12.951"/>
  <system-out/>
  <testcase classname="Demo.Cross_Browser" name="testYahoo" time="12.543"/>
  <system-out/>
</testsuite> <!-- Demo.Cross_Browser -->
