<?xml version="1.0" encoding="UTF-8"?>
<!-- Generated by org.testng.reporters.JUnitReportReporter -->
<testsuite hostname="IQZCBELT059" failures="0" tests="12" name="Parallel_Browser.LoginIqz" time="178.773" errors="0" timestamp="2022-01-24T11:36:49 IST" skipped="0">
  <testcase classname="Parallel_Browser.LoginIqz" name="logincredentials" time="21.385"/>
  <system-out/>
  <testcase classname="Parallel_Browser.LoginIqz" name="userportal" time="7.305"/>
  <system-out/>
  <testcase classname="Parallel_Browser.LoginIqz" name="logincredentials" time="24.311"/>
  <system-out/>
  <testcase classname="Parallel_Browser.LoginIqz" name="individuallead" time="30.131"/>
  <system-out/>
  <testcase classname="Parallel_Browser.LoginIqz" name="individuallead" time="21.968"/>
  <system-out/>
  <testcase classname="Parallel_Browser.LoginIqz" name="logincredentials" time="26.227"/>
  <system-out/>
  <testcase classname="Parallel_Browser.LoginIqz" name="URL" time="2.754"/>
  <system-out/>
  <testcase classname="Parallel_Browser.LoginIqz" name="userportal" time="9.950"/>
  <system-out/>
  <testcase classname="Parallel_Browser.LoginIqz" name="individuallead" time="26.217"/>
  <system-out/>
  <testcase classname="Parallel_Browser.LoginIqz" name="URL" time="2.113"/>
  <system-out/>
  <testcase classname="Parallel_Browser.LoginIqz" name="userportal" time="3.735"/>
  <system-out/>
  <testcase classname="Parallel_Browser.LoginIqz" name="URL" time="2.677"/>
  <system-out/>
</testsuite> <!-- Parallel_Browser.LoginIqz -->
