<?xml version="1.0" encoding="UTF-8"?>
<!-- Generated by org.testng.reporters.JUnitReportReporter -->
<testsuite hostname="IQZCBELT059" failures="0" tests="5" name="Twice_Login.Valid_Credentials" time="75.265" errors="0" timestamp="2021-11-22T20:19:32 IST" skipped="0">
  <testcase classname="Twice_Login.Valid_Credentials" name="Username" time="10.144"/>
  <system-out/>
  <testcase classname="Twice_Login.Valid_Credentials" name="Title" time="10.037"/>
  <system-out/>
  <testcase classname="Twice_Login.Valid_Credentials" name="Password" time="10.203"/>
  <system-out/>
  <testcase classname="Twice_Login.Valid_Credentials" name="URL" time="15.625"/>
  <system-out/>
  <testcase classname="Twice_Login.Valid_Credentials" name="Login_Button" time="29.256"/>
  <system-out/>
</testsuite> <!-- Twice_Login.Valid_Credentials -->
