<?xml version="1.0" encoding="UTF-8"?>
<!-- Generated by org.testng.reporters.JUnitReportReporter -->
<testsuite hostname="IQZCBELT059" failures="0" tests="15" name="Pega_Login.Login_Page" time="265.487" errors="0" timestamp="2021-11-22T20:19:32 IST" skipped="0">
  <testcase classname="Pega_Login.Login_Page" name="Login_Button" time="27.501"/>
  <system-out/>
  <testcase classname="Pega_Login.Login_Page" name="Password" time="10.227"/>
  <system-out/>
  <testcase classname="Pega_Login.Login_Page" name="Username" time="10.177"/>
  <system-out/>
  <testcase classname="Pega_Login.Login_Page" name="Title" time="10.037"/>
  <system-out/>
  <testcase classname="Pega_Login.Login_Page" name="Username" time="10.154"/>
  <system-out/>
  <testcase classname="Pega_Login.Login_Page" name="Login_Button" time="29.439"/>
  <system-out/>
  <testcase classname="Pega_Login.Login_Page" name="Password" time="10.170"/>
  <system-out/>
  <testcase classname="Pega_Login.Login_Page" name="Title" time="10.042"/>
  <system-out/>
  <testcase classname="Pega_Login.Login_Page" name="Password" time="10.227"/>
  <system-out/>
  <testcase classname="Pega_Login.Login_Page" name="URL" time="16.465"/>
  <system-out/>
  <testcase classname="Pega_Login.Login_Page" name="URL" time="12.864"/>
  <system-out/>
  <testcase classname="Pega_Login.Login_Page" name="Username" time="10.154"/>
  <system-out/>
  <testcase classname="Pega_Login.Login_Page" name="Title" time="10.057"/>
  <system-out/>
  <testcase classname="Pega_Login.Login_Page" name="URL" time="15.816"/>
  <system-out/>
  <testcase classname="Pega_Login.Login_Page" name="Login_Button" time="72.157"/>
  <system-out/>
</testsuite> <!-- Pega_Login.Login_Page -->
