<?xml version="1.0" encoding="UTF-8"?>
<!-- Generated by org.testng.reporters.JUnitReportReporter -->
<testsuite hostname="IQZCBELT059" failures="0" tests="5" name="Twice_Login.Invalid_Credentials" time="54.182" errors="0" timestamp="2021-11-22T20:19:32 IST" skipped="0">
  <testcase classname="Twice_Login.Invalid_Credentials" name="URL" time="12.993"/>
  <system-out/>
  <testcase classname="Twice_Login.Invalid_Credentials" name="Password" time="10.235"/>
  <system-out/>
  <testcase classname="Twice_Login.Invalid_Credentials" name="Login_Button" time="10.743"/>
  <system-out/>
  <testcase classname="Twice_Login.Invalid_Credentials" name="Title" time="10.044"/>
  <system-out/>
  <testcase classname="Twice_Login.Invalid_Credentials" name="Username" time="10.167"/>
  <system-out/>
</testsuite> <!-- Twice_Login.Invalid_Credentials -->
